<?xml version="1.0" encoding="UTF-8"?>
<!-- Generated by org.testng.reporters.JUnitReportReporter -->
<testsuite hostname="DESKTOP-2I4J4DR" failures="0" tests="1" name="com.mvn.Test_HomePage" time="114.659" errors="0" timestamp="2023-08-09T15:39:30 IST" skipped="0">
  <testcase classname="com.mvn.Test_HomePage" name="verifyMenuIcon" time="114.659"/>
  <system-out/>
</testsuite> <!-- com.mvn.Test_HomePage -->
