<?xml version="1.0" encoding="UTF-8"?>
<!-- Generated by org.testng.reporters.JUnitReportReporter -->
<testsuite hostname="DESKTOP-2I4J4DR" failures="0" tests="1" name="com.DataDrivenFW.Swag_Labs" time="252.173" errors="0" timestamp="2023-08-11T15:09:15 IST" skipped="0">
  <testcase classname="com.DataDrivenFW.Swag_Labs" name="verifySwagLabs" time="252.173"/>
  <system-out/>
</testsuite> <!-- com.DataDrivenFW.Swag_Labs -->
