<?xml version="1.0" encoding="UTF-8"?>
<!-- Generated by org.testng.reporters.JUnitReportReporter -->
<testsuite hostname="DESKTOP-2I4J4DR" failures="0" tests="4" name="com.mvn.Test_Login" time="107.556" errors="0" timestamp="2023-08-07T15:09:47 IST" skipped="0">
  <testcase classname="com.mvn.Test_Login" name="verifyLogin1" time="39.060"/>
  <system-out/>
  <testcase classname="com.mvn.Test_Login" name="verifyLogin3" time="18.840"/>
  <system-out/>
  <testcase classname="com.mvn.Test_Login" name="verifyLogin2" time="23.348"/>
  <system-out/>
  <testcase classname="com.mvn.Test_Login" name="verifyLogin4" time="26.308"/>
  <system-out/>
</testsuite> <!-- com.mvn.Test_Login -->
