<?xml version="1.0" encoding="UTF-8"?>
<!-- Generated by org.testng.reporters.JUnitReportReporter -->
<testsuite hostname="DESKTOP-2I4J4DR" failures="0" tests="1" name="com.mvn.Add_To_Cart" time="125.565" errors="0" timestamp="2023-08-08T12:51:06 IST" skipped="0">
  <testcase classname="com.mvn.Add_To_Cart" name="verifyAddToCart" time="125.565"/>
  <system-out/>
</testsuite> <!-- com.mvn.Add_To_Cart -->
